Arguments: 
  /home/lcom/.nvm/versions/node/v18.6.0/bin/node /home/lcom/.nvm/versions/node/v18.6.0/bin/yarn add v1.22.19

PATH: 
  /home/lcom/.nvm/versions/node/v18.6.0/bin:/usr/local/sbin:/usr/local/bin:/usr/sbin:/usr/bin:/sbin:/bin:/usr/games:/usr/local/games:/snap/bin

Yarn version: 
  1.22.19

Node version: 
  18.6.0

Platform: 
  linux x64

Trace: 
  Error: https://registry.yarnpkg.com/v1.22.19: Not found
      at params.callback [as _callback] (/home/lcom/.nvm/versions/node/v18.6.0/lib/node_modules/yarn/lib/cli.js:66145:18)
      at self.callback (/home/lcom/.nvm/versions/node/v18.6.0/lib/node_modules/yarn/lib/cli.js:140890:22)
      at Request.emit (node:events:513:28)
      at Request.<anonymous> (/home/lcom/.nvm/versions/node/v18.6.0/lib/node_modules/yarn/lib/cli.js:141862:10)
      at Request.emit (node:events:513:28)
      at IncomingMessage.<anonymous> (/home/lcom/.nvm/versions/node/v18.6.0/lib/node_modules/yarn/lib/cli.js:141784:12)
      at Object.onceWrapper (node:events:627:28)
      at IncomingMessage.emit (node:events:525:35)
      at endReadableNT (node:internal/streams/readable:1359:12)
      at process.processTicksAndRejections (node:internal/process/task_queues:82:21)

npm manifest: 
  {
    "name": "Frountend",
    "version": "1.0.0",
    "main": "index.js",
    "license": "MIT"
  }

yarn manifest: 
  No manifest

Lockfile: 
  # THIS IS AN AUTOGENERATED FILE. DO NOT EDIT THIS FILE DIRECTLY.
  # yarn lockfile v1
